<?xml version="1.0" encoding="UTF-8"?>
<!-- Generated by org.testng.reporters.JUnitReportReporter -->
<testsuite hostname="JP" failures="0" tests="1" name="script.TestClass2" time="7.448" errors="0" timestamp="25 Jul 2022 16:24:59 GMT" skipped="0">
  <testcase classname="script.TestClass2" name="testLogin" time="7.448"/>
</testsuite> <!-- script.TestClass2 -->
