<?xml version="1.0" encoding="UTF-8"?>
<!-- Generated by org.testng.reporters.JUnitReportReporter -->
<testsuite hostname="JP" failures="0" tests="1" name="script.TestClass1" time="9.224" errors="0" timestamp="29 Jul 2022 02:26:24 GMT" skipped="0">
  <testcase classname="script.TestClass1" name="testA" time="9.224"/>
</testsuite> <!-- script.TestClass1 -->
