<?xml version="1.0" encoding="UTF-8"?>
<!-- Generated by org.testng.reporters.JUnitReportReporter -->
<testsuite hostname="JP" failures="0" tests="1" name="script.TestClass2" time="8.720" errors="0" timestamp="29 Jul 2022 02:26:24 GMT" skipped="0">
  <testcase classname="script.TestClass2" name="testLogin" time="8.720"/>
</testsuite> <!-- script.TestClass2 -->
