<?xml version="1.0" encoding="UTF-8"?>
<!-- Generated by org.testng.reporters.JUnitReportReporter -->
<testsuite hostname="JP" failures="0" tests="1" name="script.TestClass1" time="19.714" errors="0" timestamp="25 Jul 2022 16:24:59 GMT" skipped="0">
  <testcase classname="script.TestClass1" name="testA" time="19.714"/>
</testsuite> <!-- script.TestClass1 -->
